{"/Users/guidari/Desktop/RocketSeat/React/coffee-delivery/src/components/AlertMessage/index.tsx": {"path":"/Users/guidari/Desktop/RocketSeat/React/coffee-delivery/src/components/AlertMessage/index.tsx","statementMap":{"0":{"start":{"line":1,"column":0},"end":{"line":1,"column":44}},"1":{"start":{"line":2,"column":0},"end":{"line":2,"column":48}},"2":{"start":{"line":15,"column":48},"end":{"line":15,"column":62}},"3":{"start":{"line":17,"column":2},"end":{"line":21,"column":19}},"4":{"start":{"line":18,"column":4},"end":{"line":20,"column":13}},"5":{"start":{"line":19,"column":6},"end":{"line":19,"column":32}},"6":{"start":{"line":23,"column":2},"end":{"line":33,"column":4}},"7":{"start":{"line":10,"column":0},"end":{"line":10,"column":24}}},"fnMap":{"0":{"name":"AlertMessage","decl":{"start":{"line":10,"column":24},"end":{"line":10,"column":36}},"loc":{"start":{"line":14,"column":15},"end":{"line":34,"column":1}}},"1":{"name":"(anonymous_1)","decl":{"start":{"line":17,"column":12},"end":{"line":17,"column":15}},"loc":{"start":{"line":17,"column":17},"end":{"line":21,"column":3}}},"2":{"name":"(anonymous_2)","decl":{"start":{"line":18,"column":15},"end":{"line":18,"column":18}},"loc":{"start":{"line":18,"column":20},"end":{"line":20,"column":5}}}},"branchMap":{"0":{"loc":{"start":{"line":12,"column":2},"end":{"line":12,"column":22}},"type":"default-arg","locations":[{"start":{"line":12,"column":13},"end":{"line":12,"column":22}}]},"1":{"loc":{"start":{"line":13,"column":2},"end":{"line":13,"column":20}},"type":"default-arg","locations":[{"start":{"line":13,"column":15},"end":{"line":13,"column":20}}]},"2":{"loc":{"start":{"line":25,"column":7},"end":{"line":30,"column":null}},"type":"binary-expr","locations":[{"start":{"line":25,"column":7},"end":{"line":25,"column":22}},{"start":{"line":26,"column":8},"end":{"line":29,"column":null}}]},"3":{"loc":{"start":{"line":27,"column":23},"end":{"line":27,"column":63}},"type":"cond-expr","locations":[{"start":{"line":27,"column":48},"end":{"line":27,"column":55}},{"start":{"line":27,"column":58},"end":{"line":27,"column":63}}]}},"s":{"0":8,"1":8,"2":10,"3":10,"4":10,"5":0,"6":10,"7":8},"f":{"0":10,"1":10,"2":0},"b":{"0":[0],"1":[0],"2":[10,10],"3":[1,9]}}
,"/Users/guidari/Desktop/RocketSeat/React/coffee-delivery/src/components/CartButton/index.tsx": {"path":"/Users/guidari/Desktop/RocketSeat/React/coffee-delivery/src/components/CartButton/index.tsx","statementMap":{"0":{"start":{"line":1,"column":0},"end":{"line":1,"column":35}},"1":{"start":{"line":2,"column":0},"end":{"line":2,"column":72}},"2":{"start":{"line":3,"column":0},"end":{"line":3,"column":50}},"3":{"start":{"line":5,"column":0},"end":{"line":5,"column":53}},"4":{"start":{"line":13,"column":19},"end":{"line":13,"column":50}},"5":{"start":{"line":15,"column":2},"end":{"line":24,"column":4}},"6":{"start":{"line":12,"column":0},"end":{"line":12,"column":24}}},"fnMap":{"0":{"name":"CartButton","decl":{"start":{"line":12,"column":24},"end":{"line":12,"column":34}},"loc":{"start":{"line":12,"column":66},"end":{"line":25,"column":1}}}},"branchMap":{"0":{"loc":{"start":{"line":19,"column":11},"end":{"line":19,"column":48}},"type":"cond-expr","locations":[{"start":{"line":19,"column":32},"end":{"line":19,"column":44}},{"start":{"line":19,"column":47},"end":{"line":19,"column":48}}]}},"s":{"0":3,"1":3,"2":3,"3":3,"4":6,"5":6,"6":3},"f":{"0":6},"b":{"0":[6,0]}}
,"/Users/guidari/Desktop/RocketSeat/React/coffee-delivery/src/components/Header/index.tsx": {"path":"/Users/guidari/Desktop/RocketSeat/React/coffee-delivery/src/components/Header/index.tsx","statementMap":{"0":{"start":{"line":1,"column":0},"end":{"line":1,"column":45}},"1":{"start":{"line":2,"column":0},"end":{"line":2,"column":43}},"2":{"start":{"line":3,"column":0},"end":{"line":3,"column":72}},"3":{"start":{"line":4,"column":0},"end":{"line":4,"column":41}},"4":{"start":{"line":5,"column":0},"end":{"line":5,"column":39}},"5":{"start":{"line":6,"column":0},"end":{"line":6,"column":60}},"6":{"start":{"line":8,"column":0},"end":{"line":8,"column":53}},"7":{"start":{"line":9,"column":0},"end":{"line":9,"column":68}},"8":{"start":{"line":10,"column":0},"end":{"line":10,"column":43}},"9":{"start":{"line":13,"column":19},"end":{"line":13,"column":50}},"10":{"start":{"line":14,"column":42},"end":{"line":14,"column":57}},"11":{"start":{"line":17,"column":4},"end":{"line":17,"column":26}},"12":{"start":{"line":18,"column":4},"end":{"line":20,"column":13}},"13":{"start":{"line":19,"column":6},"end":{"line":19,"column":29}},"14":{"start":{"line":23,"column":2},"end":{"line":58,"column":4}},"15":{"start":{"line":12,"column":0},"end":{"line":12,"column":24}}},"fnMap":{"0":{"name":"Header","decl":{"start":{"line":12,"column":24},"end":{"line":12,"column":30}},"loc":{"start":{"line":12,"column":30},"end":{"line":59,"column":1}}},"1":{"name":"warning","decl":{"start":{"line":16,"column":11},"end":{"line":16,"column":18}},"loc":{"start":{"line":16,"column":18},"end":{"line":21,"column":3}}},"2":{"name":"(anonymous_2)","decl":{"start":{"line":18,"column":15},"end":{"line":18,"column":18}},"loc":{"start":{"line":18,"column":20},"end":{"line":20,"column":5}}}},"branchMap":{"0":{"loc":{"start":{"line":42,"column":9},"end":{"line":47,"column":null}},"type":"cond-expr","locations":[{"start":{"line":43,"column":10},"end":{"line":43,"column":61}},{"start":{"line":45,"column":10},"end":{"line":46,"column":null}}]},"1":{"loc":{"start":{"line":50,"column":7},"end":{"line":55,"column":null}},"type":"binary-expr","locations":[{"start":{"line":50,"column":7},"end":{"line":50,"column":19}},{"start":{"line":51,"column":8},"end":{"line":54,"column":null}}]}},"s":{"0":2,"1":2,"2":2,"3":2,"4":2,"5":2,"6":2,"7":2,"8":2,"9":5,"10":5,"11":0,"12":0,"13":0,"14":5,"15":2},"f":{"0":5,"1":0,"2":0},"b":{"0":[0,5],"1":[5,0]}}
,"/Users/guidari/Desktop/RocketSeat/React/coffee-delivery/src/components/Header/components/Button/index.tsx": {"path":"/Users/guidari/Desktop/RocketSeat/React/coffee-delivery/src/components/Header/components/Button/index.tsx","statementMap":{"0":{"start":{"line":1,"column":0},"end":{"line":1,"column":39}},"1":{"start":{"line":9,"column":2},"end":{"line":14,"column":4}},"2":{"start":{"line":8,"column":0},"end":{"line":8,"column":24}}},"fnMap":{"0":{"name":"Button","decl":{"start":{"line":8,"column":24},"end":{"line":8,"column":30}},"loc":{"start":{"line":8,"column":56},"end":{"line":15,"column":1}}}},"branchMap":{"0":{"loc":{"start":{"line":11,"column":28},"end":{"line":11,"column":51}},"type":"cond-expr","locations":[{"start":{"line":11,"column":36},"end":{"line":11,"column":41}},{"start":{"line":11,"column":44},"end":{"line":11,"column":51}}]},"1":{"loc":{"start":{"line":12,"column":7},"end":{"line":12,"column":36}},"type":"binary-expr","locations":[{"start":{"line":12,"column":7},"end":{"line":12,"column":12}},{"start":{"line":12,"column":16},"end":{"line":12,"column":36}}]}},"s":{"0":3,"1":6,"2":3},"f":{"0":6},"b":{"0":[6,0],"1":[6,6]}}
,"/Users/guidari/Desktop/RocketSeat/React/coffee-delivery/src/components/InputAdress/index.tsx": {"path":"/Users/guidari/Desktop/RocketSeat/React/coffee-delivery/src/components/InputAdress/index.tsx","statementMap":{"0":{"start":{"line":1,"column":0},"end":{"line":1,"column":55}},"1":{"start":{"line":2,"column":0},"end":{"line":2,"column":49}},"2":{"start":{"line":3,"column":0},"end":{"line":3,"column":null}},"3":{"start":{"line":23,"column":6},"end":{"line":23,"column":22}},"4":{"start":{"line":25,"column":16},"end":{"line":25,"column":70}},"5":{"start":{"line":27,"column":2},"end":{"line":44,"column":4}},"6":{"start":{"line":15,"column":0},"end":{"line":15,"column":24}}},"fnMap":{"0":{"name":"InputAdress","decl":{"start":{"line":15,"column":24},"end":{"line":15,"column":35}},"loc":{"start":{"line":19,"column":15},"end":{"line":45,"column":1}}}},"branchMap":{"0":{"loc":{"start":{"line":36,"column":24},"end":{"line":36,"column":42}},"type":"cond-expr","locations":[{"start":{"line":36,"column":32},"end":{"line":36,"column":37}},{"start":{"line":36,"column":40},"end":{"line":36,"column":42}}]}},"s":{"0":3,"1":3,"2":3,"3":16,"4":16,"5":16,"6":3},"f":{"0":16},"b":{"0":[0,16]}}
,"/Users/guidari/Desktop/RocketSeat/React/coffee-delivery/src/components/InputCount/index.tsx": {"path":"/Users/guidari/Desktop/RocketSeat/React/coffee-delivery/src/components/InputCount/index.tsx","statementMap":{"0":{"start":{"line":3,"column":0},"end":{"line":3,"column":45}},"1":{"start":{"line":6,"column":0},"end":{"line":6,"column":47}},"2":{"start":{"line":18,"column":2},"end":{"line":42,"column":4}},"3":{"start":{"line":13,"column":0},"end":{"line":13,"column":16}}},"fnMap":{"0":{"name":"InputCount","decl":{"start":{"line":13,"column":16},"end":{"line":13,"column":26}},"loc":{"start":{"line":17,"column":18},"end":{"line":43,"column":1}}}},"branchMap":{},"s":{"0":6,"1":6,"2":241,"3":6},"f":{"0":241},"b":{}}
,"/Users/guidari/Desktop/RocketSeat/React/coffee-delivery/src/context/ShoppingCartContext.tsx": {"path":"/Users/guidari/Desktop/RocketSeat/React/coffee-delivery/src/context/ShoppingCartContext.tsx","statementMap":{"0":{"start":{"line":1,"column":0},"end":{"line":1,"column":71}},"1":{"start":{"line":2,"column":0},"end":{"line":2,"column":null}},"2":{"start":{"line":7,"column":0},"end":{"line":7,"column":51}},"3":{"start":{"line":30,"column":13},"end":{"line":32,"column":2}},"4":{"start":{"line":35,"column":27},"end":{"line":35,"column":54}},"5":{"start":{"line":38,"column":4},"end":{"line":38,"column":41}},"6":{"start":{"line":42,"column":4},"end":{"line":42,"column":37}},"7":{"start":{"line":46,"column":4},"end":{"line":46,"column":48}},"8":{"start":{"line":49,"column":2},"end":{"line":62,"column":4}},"9":{"start":{"line":34,"column":0},"end":{"line":34,"column":16}}},"fnMap":{"0":{"name":"ShoppingCartProvider","decl":{"start":{"line":34,"column":16},"end":{"line":34,"column":36}},"loc":{"start":{"line":34,"column":76},"end":{"line":63,"column":1}}},"1":{"name":"addCoffeeToCart","decl":{"start":{"line":37,"column":11},"end":{"line":37,"column":26}},"loc":{"start":{"line":37,"column":46},"end":{"line":39,"column":3}}},"2":{"name":"removeCoffee","decl":{"start":{"line":41,"column":11},"end":{"line":41,"column":23}},"loc":{"start":{"line":41,"column":34},"end":{"line":43,"column":3}}},"3":{"name":"insertMoreCoffee","decl":{"start":{"line":45,"column":11},"end":{"line":45,"column":27}},"loc":{"start":{"line":45,"column":53},"end":{"line":47,"column":3}}}},"branchMap":{},"s":{"0":8,"1":8,"2":8,"3":8,"4":106,"5":0,"6":0,"7":99,"8":106,"9":8},"f":{"0":106,"1":0,"2":0,"3":99},"b":{}}
,"/Users/guidari/Desktop/RocketSeat/React/coffee-delivery/src/layouts/DefaultLayout/index.tsx": {"path":"/Users/guidari/Desktop/RocketSeat/React/coffee-delivery/src/layouts/DefaultLayout/index.tsx","statementMap":{"0":{"start":{"line":1,"column":0},"end":{"line":1,"column":42}},"1":{"start":{"line":2,"column":0},"end":{"line":2,"column":45}},"2":{"start":{"line":3,"column":0},"end":{"line":3,"column":42}},"3":{"start":{"line":6,"column":2},"end":{"line":11,"column":4}},"4":{"start":{"line":5,"column":0},"end":{"line":5,"column":24}}},"fnMap":{"0":{"name":"DefaultLayout","decl":{"start":{"line":5,"column":24},"end":{"line":5,"column":37}},"loc":{"start":{"line":5,"column":37},"end":{"line":12,"column":1}}}},"branchMap":{},"s":{"0":1,"1":1,"2":1,"3":1,"4":1},"f":{"0":1},"b":{}}
,"/Users/guidari/Desktop/RocketSeat/React/coffee-delivery/src/pages/Cart/index.tsx": {"path":"/Users/guidari/Desktop/RocketSeat/React/coffee-delivery/src/pages/Cart/index.tsx","statementMap":{"0":{"start":{"line":1,"column":0},"end":{"line":1,"column":72}},"1":{"start":{"line":2,"column":0},"end":{"line":2,"column":54}},"2":{"start":{"line":3,"column":0},"end":{"line":3,"column":57}},"3":{"start":{"line":4,"column":0},"end":{"line":4,"column":49}},"4":{"start":{"line":5,"column":0},"end":{"line":5,"column":59}},"5":{"start":{"line":6,"column":0},"end":{"line":6,"column":54}},"6":{"start":{"line":7,"column":0},"end":{"line":7,"column":27}},"7":{"start":{"line":8,"column":0},"end":{"line":8,"column":47}},"8":{"start":{"line":9,"column":0},"end":{"line":9,"column":45}},"9":{"start":{"line":10,"column":0},"end":{"line":10,"column":72}},"10":{"start":{"line":11,"column":0},"end":{"line":11,"column":57}},"11":{"start":{"line":13,"column":29},"end":{"line":23,"column":13}},"12":{"start":{"line":28,"column":42},"end":{"line":28,"column":57}},"13":{"start":{"line":30,"column":19},"end":{"line":30,"column":50}},"14":{"start":{"line":32,"column":19},"end":{"line":32,"column":32}},"15":{"start":{"line":34,"column":21},"end":{"line":36,"column":4}},"16":{"start":{"line":39,"column":4},"end":{"line":39,"column":59}},"17":{"start":{"line":40,"column":4},"end":{"line":40,"column":65}},"18":{"start":{"line":41,"column":4},"end":{"line":41,"column":73}},"19":{"start":{"line":42,"column":4},"end":{"line":42,"column":77}},"20":{"start":{"line":43,"column":4},"end":{"line":43,"column":61}},"21":{"start":{"line":44,"column":4},"end":{"line":44,"column":57}},"22":{"start":{"line":46,"column":4},"end":{"line":53,"column":null}},"23":{"start":{"line":47,"column":6},"end":{"line":47,"column":28}},"24":{"start":{"line":48,"column":6},"end":{"line":50,"column":15}},"25":{"start":{"line":49,"column":8},"end":{"line":49,"column":31}},"26":{"start":{"line":52,"column":6},"end":{"line":52,"column":13}},"27":{"start":{"line":54,"column":4},"end":{"line":54,"column":27}},"28":{"start":{"line":57,"column":2},"end":{"line":86,"column":4}},"29":{"start":{"line":27,"column":0},"end":{"line":27,"column":24}}},"fnMap":{"0":{"name":"Cart","decl":{"start":{"line":27,"column":24},"end":{"line":27,"column":28}},"loc":{"start":{"line":27,"column":28},"end":{"line":87,"column":1}}},"1":{"name":"confirmOrder","decl":{"start":{"line":38,"column":11},"end":{"line":38,"column":23}},"loc":{"start":{"line":38,"column":46},"end":{"line":55,"column":3}}},"2":{"name":"(anonymous_2)","decl":{"start":{"line":48,"column":17},"end":{"line":48,"column":20}},"loc":{"start":{"line":48,"column":22},"end":{"line":50,"column":7}}}},"branchMap":{"0":{"loc":{"start":{"line":46,"column":4},"end":{"line":53,"column":null}},"type":"if","locations":[{"start":{"line":46,"column":4},"end":{"line":53,"column":null}}]},"1":{"loc":{"start":{"line":78,"column":7},"end":{"line":83,"column":null}},"type":"binary-expr","locations":[{"start":{"line":78,"column":7},"end":{"line":78,"column":19}},{"start":{"line":79,"column":8},"end":{"line":82,"column":null}}]}},"s":{"0":1,"1":1,"2":1,"3":1,"4":1,"5":1,"6":1,"7":1,"8":1,"9":1,"10":1,"11":1,"12":1,"13":1,"14":1,"15":1,"16":0,"17":0,"18":0,"19":0,"20":0,"21":0,"22":0,"23":0,"24":0,"25":0,"26":0,"27":0,"28":1,"29":1},"f":{"0":1,"1":0,"2":0},"b":{"0":[0],"1":[1,0]}}
,"/Users/guidari/Desktop/RocketSeat/React/coffee-delivery/src/pages/Cart/components/AdressSectionBox/index.tsx": {"path":"/Users/guidari/Desktop/RocketSeat/React/coffee-delivery/src/pages/Cart/components/AdressSectionBox/index.tsx","statementMap":{"0":{"start":{"line":2,"column":0},"end":{"line":2,"column":61}},"1":{"start":{"line":3,"column":0},"end":{"line":3,"column":null}},"2":{"start":{"line":12,"column":0},"end":{"line":12,"column":82}},"3":{"start":{"line":15,"column":2},"end":{"line":46,"column":4}},"4":{"start":{"line":14,"column":0},"end":{"line":14,"column":24}}},"fnMap":{"0":{"name":"AdressBox","decl":{"start":{"line":14,"column":24},"end":{"line":14,"column":33}},"loc":{"start":{"line":14,"column":33},"end":{"line":47,"column":1}}}},"branchMap":{},"s":{"0":2,"1":2,"2":2,"3":2,"4":2},"f":{"0":2},"b":{}}
,"/Users/guidari/Desktop/RocketSeat/React/coffee-delivery/src/pages/Cart/components/CartPreviewBox/index.tsx": {"path":"/Users/guidari/Desktop/RocketSeat/React/coffee-delivery/src/pages/Cart/components/CartPreviewBox/index.tsx","statementMap":{"0":{"start":{"line":1,"column":0},"end":{"line":1,"column":35}},"1":{"start":{"line":3,"column":0},"end":{"line":3,"column":null}},"2":{"start":{"line":7,"column":0},"end":{"line":7,"column":74}},"3":{"start":{"line":8,"column":0},"end":{"line":8,"column":47}},"4":{"start":{"line":9,"column":0},"end":{"line":9,"column":null}},"5":{"start":{"line":19,"column":19},"end":{"line":19,"column":50}},"6":{"start":{"line":21,"column":19},"end":{"line":21,"column":22}},"7":{"start":{"line":22,"column":29},"end":{"line":22,"column":30}},"8":{"start":{"line":24,"column":2},"end":{"line":27,"column":null}},"9":{"start":{"line":24,"column":15},"end":{"line":24,"column":16}},"10":{"start":{"line":25,"column":4},"end":{"line":25,"column":51}},"11":{"start":{"line":26,"column":4},"end":{"line":26,"column":61}},"12":{"start":{"line":29,"column":2},"end":{"line":64,"column":4}},"13":{"start":{"line":33,"column":8},"end":{"line":42,"column":10}},"14":{"start":{"line":18,"column":0},"end":{"line":18,"column":24}}},"fnMap":{"0":{"name":"CartPreview","decl":{"start":{"line":18,"column":24},"end":{"line":18,"column":35}},"loc":{"start":{"line":18,"column":35},"end":{"line":65,"column":1}}},"1":{"name":"(anonymous_1)","decl":{"start":{"line":32,"column":17},"end":{"line":32,"column":18}},"loc":{"start":{"line":32,"column":33},"end":{"line":43,"column":7}}}},"branchMap":{"0":{"loc":{"start":{"line":31,"column":7},"end":{"line":31,"column":71}},"type":"binary-expr","locations":[{"start":{"line":31,"column":7},"end":{"line":31,"column":23}},{"start":{"line":31,"column":27},"end":{"line":31,"column":71}}]}},"s":{"0":2,"1":2,"2":2,"3":2,"4":2,"5":2,"6":2,"7":2,"8":2,"9":2,"10":0,"11":0,"12":2,"13":0,"14":2},"f":{"0":2,"1":0},"b":{"0":[2,0]}}
,"/Users/guidari/Desktop/RocketSeat/React/coffee-delivery/src/pages/Cart/components/PaymentBox/index.tsx": {"path":"/Users/guidari/Desktop/RocketSeat/React/coffee-delivery/src/pages/Cart/components/PaymentBox/index.tsx","statementMap":{"0":{"start":{"line":1,"column":0},"end":{"line":1,"column":33}},"1":{"start":{"line":2,"column":0},"end":{"line":2,"column":58}},"2":{"start":{"line":3,"column":0},"end":{"line":3,"column":41}},"3":{"start":{"line":4,"column":0},"end":{"line":4,"column":60}},"4":{"start":{"line":6,"column":0},"end":{"line":6,"column":56}},"5":{"start":{"line":7,"column":0},"end":{"line":7,"column":66}},"6":{"start":{"line":8,"column":0},"end":{"line":8,"column":64}},"7":{"start":{"line":9,"column":0},"end":{"line":9,"column":54}},"8":{"start":{"line":12,"column":43},"end":{"line":12,"column":61}},"9":{"start":{"line":15,"column":4},"end":{"line":15,"column":31}},"10":{"start":{"line":16,"column":4},"end":{"line":16,"column":62}},"11":{"start":{"line":19,"column":2},"end":{"line":55,"column":4}},"12":{"start":{"line":35,"column":25},"end":{"line":35,"column":45}},"13":{"start":{"line":42,"column":25},"end":{"line":42,"column":44}},"14":{"start":{"line":49,"column":25},"end":{"line":49,"column":43}},"15":{"start":{"line":11,"column":0},"end":{"line":11,"column":24}}},"fnMap":{"0":{"name":"PaymentBox","decl":{"start":{"line":11,"column":24},"end":{"line":11,"column":34}},"loc":{"start":{"line":11,"column":34},"end":{"line":56,"column":1}}},"1":{"name":"changeCard","decl":{"start":{"line":14,"column":11},"end":{"line":14,"column":21}},"loc":{"start":{"line":14,"column":38},"end":{"line":17,"column":3}}},"2":{"name":"(anonymous_2)","decl":{"start":{"line":35,"column":19},"end":{"line":35,"column":22}},"loc":{"start":{"line":35,"column":25},"end":{"line":35,"column":45}}},"3":{"name":"(anonymous_3)","decl":{"start":{"line":42,"column":19},"end":{"line":42,"column":22}},"loc":{"start":{"line":42,"column":25},"end":{"line":42,"column":44}}},"4":{"name":"(anonymous_4)","decl":{"start":{"line":49,"column":19},"end":{"line":49,"column":22}},"loc":{"start":{"line":49,"column":25},"end":{"line":49,"column":43}}}},"branchMap":{},"s":{"0":2,"1":2,"2":2,"3":2,"4":2,"5":2,"6":2,"7":2,"8":6,"9":3,"10":3,"11":6,"12":1,"13":1,"14":1,"15":2},"f":{"0":6,"1":3,"2":1,"3":1,"4":1},"b":{}}
,"/Users/guidari/Desktop/RocketSeat/React/coffee-delivery/src/pages/Cart/components/PaymentType/index.tsx": {"path":"/Users/guidari/Desktop/RocketSeat/React/coffee-delivery/src/pages/Cart/components/PaymentType/index.tsx","statementMap":{"0":{"start":{"line":1,"column":0},"end":{"line":1,"column":63}},"1":{"start":{"line":2,"column":0},"end":{"line":2,"column":61}},"2":{"start":{"line":18,"column":36},"end":{"line":18,"column":48}},"3":{"start":{"line":20,"column":2},"end":{"line":28,"column":9}},"4":{"start":{"line":21,"column":4},"end":{"line":27,"column":null}},"5":{"start":{"line":22,"column":6},"end":{"line":22,"column":40}},"6":{"start":{"line":23,"column":11},"end":{"line":27,"column":null}},"7":{"start":{"line":24,"column":6},"end":{"line":24,"column":39}},"8":{"start":{"line":26,"column":6},"end":{"line":26,"column":31}},"9":{"start":{"line":30,"column":2},"end":{"line":52,"column":4}},"10":{"start":{"line":11,"column":0},"end":{"line":11,"column":24}}},"fnMap":{"0":{"name":"PaymentType","decl":{"start":{"line":11,"column":24},"end":{"line":11,"column":35}},"loc":{"start":{"line":17,"column":15},"end":{"line":53,"column":1}}},"1":{"name":"(anonymous_1)","decl":{"start":{"line":20,"column":12},"end":{"line":20,"column":15}},"loc":{"start":{"line":20,"column":17},"end":{"line":28,"column":3}}}},"branchMap":{"0":{"loc":{"start":{"line":21,"column":4},"end":{"line":27,"column":null}},"type":"if","locations":[{"start":{"line":21,"column":4},"end":{"line":27,"column":null}},{"start":{"line":23,"column":11},"end":{"line":27,"column":null}}]},"1":{"loc":{"start":{"line":23,"column":11},"end":{"line":27,"column":null}},"type":"if","locations":[{"start":{"line":23,"column":11},"end":{"line":27,"column":null}},{"start":{"line":25,"column":11},"end":{"line":27,"column":null}}]},"2":{"loc":{"start":{"line":32,"column":7},"end":{"line":49,"column":null}},"type":"cond-expr","locations":[{"start":{"line":33,"column":8},"end":{"line":39,"column":null}},{"start":{"line":42,"column":8},"end":{"line":48,"column":null}}]}},"s":{"0":3,"1":3,"2":32,"3":32,"4":13,"5":4,"6":9,"7":4,"8":5,"9":32,"10":3},"f":{"0":32,"1":13},"b":{"0":[4,9],"1":[4,5],"2":[10,22]}}
,"/Users/guidari/Desktop/RocketSeat/React/coffee-delivery/src/pages/Cart/components/SelectedCoffee/index.tsx": {"path":"/Users/guidari/Desktop/RocketSeat/React/coffee-delivery/src/pages/Cart/components/SelectedCoffee/index.tsx","statementMap":{"0":{"start":{"line":1,"column":0},"end":{"line":1,"column":39}},"1":{"start":{"line":2,"column":0},"end":{"line":2,"column":45}},"2":{"start":{"line":4,"column":0},"end":{"line":4,"column":63}},"3":{"start":{"line":5,"column":0},"end":{"line":5,"column":63}},"4":{"start":{"line":6,"column":0},"end":{"line":6,"column":78}},"5":{"start":{"line":7,"column":0},"end":{"line":7,"column":74}},"6":{"start":{"line":8,"column":0},"end":{"line":8,"column":null}},"7":{"start":{"line":34,"column":28},"end":{"line":34,"column":46}},"8":{"start":{"line":35,"column":42},"end":{"line":35,"column":54}},"9":{"start":{"line":36,"column":42},"end":{"line":36,"column":57}},"10":{"start":{"line":38,"column":45},"end":{"line":38,"column":76}},"11":{"start":{"line":40,"column":22},"end":{"line":40,"column":35}},"12":{"start":{"line":43,"column":21},"end":{"line":43,"column":35}},"13":{"start":{"line":45,"column":4},"end":{"line":47,"column":null}},"14":{"start":{"line":46,"column":6},"end":{"line":46,"column":13}},"15":{"start":{"line":49,"column":4},"end":{"line":49,"column":23}},"16":{"start":{"line":53,"column":21},"end":{"line":53,"column":30}},"17":{"start":{"line":55,"column":4},"end":{"line":62,"column":null}},"18":{"start":{"line":56,"column":6},"end":{"line":56,"column":49}},"19":{"start":{"line":57,"column":6},"end":{"line":57,"column":28}},"20":{"start":{"line":58,"column":6},"end":{"line":60,"column":15}},"21":{"start":{"line":59,"column":8},"end":{"line":59,"column":31}},"22":{"start":{"line":61,"column":6},"end":{"line":61,"column":13}},"23":{"start":{"line":64,"column":4},"end":{"line":64,"column":32}},"24":{"start":{"line":65,"column":4},"end":{"line":65,"column":23}},"25":{"start":{"line":70,"column":21},"end":{"line":70,"column":30}},"26":{"start":{"line":72,"column":4},"end":{"line":79,"column":null}},"27":{"start":{"line":73,"column":6},"end":{"line":73,"column":45}},"28":{"start":{"line":74,"column":6},"end":{"line":74,"column":28}},"29":{"start":{"line":75,"column":6},"end":{"line":77,"column":15}},"30":{"start":{"line":76,"column":8},"end":{"line":76,"column":31}},"31":{"start":{"line":78,"column":6},"end":{"line":78,"column":13}},"32":{"start":{"line":81,"column":4},"end":{"line":81,"column":32}},"33":{"start":{"line":82,"column":4},"end":{"line":82,"column":23}},"34":{"start":{"line":86,"column":4},"end":{"line":86,"column":21}},"35":{"start":{"line":89,"column":2},"end":{"line":129,"column":4}},"36":{"start":{"line":105,"column":29},"end":{"line":105,"column":77}},"37":{"start":{"line":27,"column":0},"end":{"line":27,"column":24}}},"fnMap":{"0":{"name":"SelectedCoffee","decl":{"start":{"line":27,"column":24},"end":{"line":27,"column":38}},"loc":{"start":{"line":33,"column":18},"end":{"line":130,"column":1}}},"1":{"name":"handleChangeProductUnity","decl":{"start":{"line":42,"column":11},"end":{"line":42,"column":35}},"loc":{"start":{"line":42,"column":58},"end":{"line":50,"column":3}}},"2":{"name":"handleAddOneProductUnity","decl":{"start":{"line":52,"column":11},"end":{"line":52,"column":35}},"loc":{"start":{"line":52,"column":35},"end":{"line":66,"column":3}}},"3":{"name":"(anonymous_3)","decl":{"start":{"line":58,"column":17},"end":{"line":58,"column":20}},"loc":{"start":{"line":58,"column":22},"end":{"line":60,"column":7}}},"4":{"name":"handleRemoveOneProductUnity","decl":{"start":{"line":69,"column":11},"end":{"line":69,"column":38}},"loc":{"start":{"line":69,"column":38},"end":{"line":83,"column":3}}},"5":{"name":"(anonymous_5)","decl":{"start":{"line":75,"column":17},"end":{"line":75,"column":20}},"loc":{"start":{"line":75,"column":22},"end":{"line":77,"column":7}}},"6":{"name":"removeSelectedCoffee","decl":{"start":{"line":85,"column":11},"end":{"line":85,"column":31}},"loc":{"start":{"line":85,"column":31},"end":{"line":87,"column":3}}},"7":{"name":"(anonymous_7)","decl":{"start":{"line":105,"column":22},"end":{"line":105,"column":23}},"loc":{"start":{"line":105,"column":29},"end":{"line":105,"column":77}}}},"branchMap":{"0":{"loc":{"start":{"line":45,"column":4},"end":{"line":47,"column":null}},"type":"if","locations":[{"start":{"line":45,"column":4},"end":{"line":47,"column":null}}]},"1":{"loc":{"start":{"line":45,"column":8},"end":{"line":45,"column":40}},"type":"binary-expr","locations":[{"start":{"line":45,"column":8},"end":{"line":45,"column":21}},{"start":{"line":45,"column":25},"end":{"line":45,"column":40}}]},"2":{"loc":{"start":{"line":55,"column":4},"end":{"line":62,"column":null}},"type":"if","locations":[{"start":{"line":55,"column":4},"end":{"line":62,"column":null}}]},"3":{"loc":{"start":{"line":72,"column":4},"end":{"line":79,"column":null}},"type":"if","locations":[{"start":{"line":72,"column":4},"end":{"line":79,"column":null}}]},"4":{"loc":{"start":{"line":121,"column":7},"end":{"line":126,"column":null}},"type":"binary-expr","locations":[{"start":{"line":121,"column":7},"end":{"line":121,"column":19}},{"start":{"line":122,"column":8},"end":{"line":125,"column":null}}]}},"s":{"0":3,"1":3,"2":3,"3":3,"4":3,"5":3,"6":3,"7":111,"8":111,"9":111,"10":111,"11":111,"12":0,"13":0,"14":0,"15":0,"16":100,"17":100,"18":1,"19":1,"20":1,"21":0,"22":1,"23":99,"24":99,"25":101,"26":101,"27":101,"28":101,"29":101,"30":0,"31":101,"32":0,"33":0,"34":0,"35":111,"36":0,"37":3},"f":{"0":111,"1":0,"2":100,"3":0,"4":101,"5":0,"6":0,"7":0},"b":{"0":[0],"1":[0,0],"2":[1],"3":[101],"4":[111,5]}}
,"/Users/guidari/Desktop/RocketSeat/React/coffee-delivery/src/pages/Home/index.tsx": {"path":"/Users/guidari/Desktop/RocketSeat/React/coffee-delivery/src/pages/Home/index.tsx","statementMap":{"0":{"start":{"line":1,"column":0},"end":{"line":1,"column":51}},"1":{"start":{"line":2,"column":0},"end":{"line":2,"column":49}},"2":{"start":{"line":3,"column":0},"end":{"line":3,"column":53}},"3":{"start":{"line":4,"column":0},"end":{"line":4,"column":null}},"4":{"start":{"line":14,"column":0},"end":{"line":14,"column":60}},"5":{"start":{"line":15,"column":0},"end":{"line":15,"column":54}},"6":{"start":{"line":16,"column":0},"end":{"line":16,"column":50}},"7":{"start":{"line":17,"column":0},"end":{"line":17,"column":64}},"8":{"start":{"line":18,"column":0},"end":{"line":18,"column":52}},"9":{"start":{"line":21,"column":2},"end":{"line":62,"column":4}},"10":{"start":{"line":54,"column":10},"end":{"line":54,"column":64}},"11":{"start":{"line":20,"column":0},"end":{"line":20,"column":24}}},"fnMap":{"0":{"name":"Home","decl":{"start":{"line":20,"column":24},"end":{"line":20,"column":28}},"loc":{"start":{"line":20,"column":28},"end":{"line":63,"column":1}}},"1":{"name":"(anonymous_1)","decl":{"start":{"line":53,"column":25},"end":{"line":53,"column":26}},"loc":{"start":{"line":53,"column":36},"end":{"line":55,"column":9}}}},"branchMap":{},"s":{"0":1,"1":1,"2":1,"3":1,"4":1,"5":1,"6":1,"7":1,"8":1,"9":1,"10":14,"11":1},"f":{"0":1,"1":14},"b":{}}
,"/Users/guidari/Desktop/RocketSeat/React/coffee-delivery/src/pages/Home/components/CoffeeCard/index.tsx": {"path":"/Users/guidari/Desktop/RocketSeat/React/coffee-delivery/src/pages/Home/components/CoffeeCard/index.tsx","statementMap":{"0":{"start":{"line":1,"column":0},"end":{"line":1,"column":57}},"1":{"start":{"line":3,"column":0},"end":{"line":3,"column":63}},"2":{"start":{"line":4,"column":0},"end":{"line":4,"column":null}},"3":{"start":{"line":8,"column":0},"end":{"line":8,"column":null}},"4":{"start":{"line":22,"column":0},"end":{"line":22,"column":66}},"5":{"start":{"line":23,"column":0},"end":{"line":23,"column":63}},"6":{"start":{"line":24,"column":0},"end":{"line":24,"column":74}},"7":{"start":{"line":46,"column":28},"end":{"line":46,"column":39}},"8":{"start":{"line":47,"column":42},"end":{"line":47,"column":54}},"9":{"start":{"line":48,"column":42},"end":{"line":48,"column":57}},"10":{"start":{"line":49,"column":34},"end":{"line":49,"column":46}},"11":{"start":{"line":51,"column":36},"end":{"line":51,"column":67}},"12":{"start":{"line":54,"column":21},"end":{"line":54,"column":35}},"13":{"start":{"line":56,"column":4},"end":{"line":58,"column":null}},"14":{"start":{"line":57,"column":6},"end":{"line":57,"column":13}},"15":{"start":{"line":60,"column":4},"end":{"line":60,"column":23}},"16":{"start":{"line":64,"column":21},"end":{"line":64,"column":30}},"17":{"start":{"line":66,"column":4},"end":{"line":74,"column":null}},"18":{"start":{"line":67,"column":6},"end":{"line":67,"column":49}},"19":{"start":{"line":68,"column":6},"end":{"line":68,"column":28}},"20":{"start":{"line":69,"column":6},"end":{"line":69,"column":28}},"21":{"start":{"line":70,"column":6},"end":{"line":72,"column":15}},"22":{"start":{"line":71,"column":8},"end":{"line":71,"column":31}},"23":{"start":{"line":73,"column":6},"end":{"line":73,"column":13}},"24":{"start":{"line":76,"column":4},"end":{"line":76,"column":23}},"25":{"start":{"line":81,"column":21},"end":{"line":81,"column":30}},"26":{"start":{"line":83,"column":4},"end":{"line":91,"column":null}},"27":{"start":{"line":84,"column":6},"end":{"line":84,"column":45}},"28":{"start":{"line":85,"column":6},"end":{"line":85,"column":28}},"29":{"start":{"line":86,"column":6},"end":{"line":86,"column":28}},"30":{"start":{"line":87,"column":6},"end":{"line":89,"column":15}},"31":{"start":{"line":88,"column":8},"end":{"line":88,"column":31}},"32":{"start":{"line":90,"column":6},"end":{"line":90,"column":13}},"33":{"start":{"line":92,"column":4},"end":{"line":92,"column":23}},"34":{"start":{"line":98,"column":23},"end":{"line":106,"column":6}},"35":{"start":{"line":108,"column":23},"end":{"line":108,"column":65}},"36":{"start":{"line":108,"column":46},"end":{"line":108,"column":64}},"37":{"start":{"line":110,"column":4},"end":{"line":118,"column":null}},"38":{"start":{"line":111,"column":6},"end":{"line":111,"column":59}},"39":{"start":{"line":112,"column":6},"end":{"line":112,"column":28}},"40":{"start":{"line":113,"column":6},"end":{"line":113,"column":28}},"41":{"start":{"line":114,"column":6},"end":{"line":116,"column":15}},"42":{"start":{"line":115,"column":8},"end":{"line":115,"column":31}},"43":{"start":{"line":117,"column":6},"end":{"line":117,"column":13}},"44":{"start":{"line":120,"column":4},"end":{"line":120,"column":47}},"45":{"start":{"line":121,"column":4},"end":{"line":121,"column":16}},"46":{"start":{"line":122,"column":4},"end":{"line":122,"column":51}},"47":{"start":{"line":123,"column":4},"end":{"line":123,"column":27}},"48":{"start":{"line":124,"column":4},"end":{"line":124,"column":26}},"49":{"start":{"line":125,"column":4},"end":{"line":127,"column":13}},"50":{"start":{"line":126,"column":6},"end":{"line":126,"column":29}},"51":{"start":{"line":130,"column":2},"end":{"line":171,"column":4}},"52":{"start":{"line":138,"column":10},"end":{"line":138,"column":58}},"53":{"start":{"line":152,"column":29},"end":{"line":152,"column":77}},"54":{"start":{"line":45,"column":0},"end":{"line":45,"column":24}}},"fnMap":{"0":{"name":"CoffeeCard","decl":{"start":{"line":45,"column":24},"end":{"line":45,"column":34}},"loc":{"start":{"line":45,"column":63},"end":{"line":172,"column":1}}},"1":{"name":"handleChangeProductUnity","decl":{"start":{"line":53,"column":11},"end":{"line":53,"column":35}},"loc":{"start":{"line":53,"column":58},"end":{"line":61,"column":3}}},"2":{"name":"handleAddOneProductUnity","decl":{"start":{"line":63,"column":11},"end":{"line":63,"column":35}},"loc":{"start":{"line":63,"column":35},"end":{"line":77,"column":3}}},"3":{"name":"(anonymous_3)","decl":{"start":{"line":70,"column":17},"end":{"line":70,"column":20}},"loc":{"start":{"line":70,"column":22},"end":{"line":72,"column":7}}},"4":{"name":"handleRemoveOneProductUnity","decl":{"start":{"line":80,"column":11},"end":{"line":80,"column":38}},"loc":{"start":{"line":80,"column":38},"end":{"line":93,"column":3}}},"5":{"name":"(anonymous_5)","decl":{"start":{"line":87,"column":17},"end":{"line":87,"column":20}},"loc":{"start":{"line":87,"column":22},"end":{"line":89,"column":7}}},"6":{"name":"hanldeAddToShoppingCart","decl":{"start":{"line":97,"column":11},"end":{"line":97,"column":34}},"loc":{"start":{"line":97,"column":34},"end":{"line":128,"column":3}}},"7":{"name":"(anonymous_7)","decl":{"start":{"line":108,"column":39},"end":{"line":108,"column":40}},"loc":{"start":{"line":108,"column":46},"end":{"line":108,"column":64}}},"8":{"name":"(anonymous_8)","decl":{"start":{"line":114,"column":17},"end":{"line":114,"column":20}},"loc":{"start":{"line":114,"column":22},"end":{"line":116,"column":7}}},"9":{"name":"(anonymous_9)","decl":{"start":{"line":125,"column":15},"end":{"line":125,"column":18}},"loc":{"start":{"line":125,"column":20},"end":{"line":127,"column":5}}},"10":{"name":"(anonymous_10)","decl":{"start":{"line":137,"column":26},"end":{"line":137,"column":27}},"loc":{"start":{"line":137,"column":34},"end":{"line":139,"column":9}}},"11":{"name":"(anonymous_11)","decl":{"start":{"line":152,"column":22},"end":{"line":152,"column":23}},"loc":{"start":{"line":152,"column":29},"end":{"line":152,"column":77}}}},"branchMap":{"0":{"loc":{"start":{"line":56,"column":4},"end":{"line":58,"column":null}},"type":"if","locations":[{"start":{"line":56,"column":4},"end":{"line":58,"column":null}}]},"1":{"loc":{"start":{"line":56,"column":8},"end":{"line":56,"column":40}},"type":"binary-expr","locations":[{"start":{"line":56,"column":8},"end":{"line":56,"column":21}},{"start":{"line":56,"column":25},"end":{"line":56,"column":40}}]},"2":{"loc":{"start":{"line":66,"column":4},"end":{"line":74,"column":null}},"type":"if","locations":[{"start":{"line":66,"column":4},"end":{"line":74,"column":null}}]},"3":{"loc":{"start":{"line":83,"column":4},"end":{"line":91,"column":null}},"type":"if","locations":[{"start":{"line":83,"column":4},"end":{"line":91,"column":null}}]},"4":{"loc":{"start":{"line":110,"column":4},"end":{"line":118,"column":null}},"type":"if","locations":[{"start":{"line":110,"column":4},"end":{"line":118,"column":null}}]},"5":{"loc":{"start":{"line":163,"column":7},"end":{"line":168,"column":null}},"type":"binary-expr","locations":[{"start":{"line":163,"column":7},"end":{"line":163,"column":19}},{"start":{"line":164,"column":8},"end":{"line":167,"column":null}}]}},"s":{"0":2,"1":2,"2":2,"3":2,"4":2,"5":2,"6":2,"7":128,"8":128,"9":128,"10":128,"11":128,"12":0,"13":0,"14":0,"15":0,"16":100,"17":100,"18":1,"19":1,"20":1,"21":1,"22":0,"23":1,"24":99,"25":199,"26":199,"27":199,"28":199,"29":199,"30":199,"31":0,"32":199,"33":0,"34":1,"35":1,"36":0,"37":1,"38":1,"39":1,"40":1,"41":1,"42":0,"43":1,"44":0,"45":0,"46":0,"47":0,"48":0,"49":0,"50":0,"51":128,"52":138,"53":0,"54":2},"f":{"0":128,"1":0,"2":100,"3":0,"4":199,"5":0,"6":1,"7":0,"8":0,"9":0,"10":138,"11":0},"b":{"0":[0],"1":[0,0],"2":[1],"3":[199],"4":[1],"5":[128,7]}}
,"/Users/guidari/Desktop/RocketSeat/React/coffee-delivery/src/pages/Home/components/InfoTextGrid/index.tsx": {"path":"/Users/guidari/Desktop/RocketSeat/React/coffee-delivery/src/pages/Home/components/InfoTextGrid/index.tsx","statementMap":{"0":{"start":{"line":1,"column":0},"end":{"line":1,"column":42}},"1":{"start":{"line":9,"column":2},"end":{"line":14,"column":4}},"2":{"start":{"line":8,"column":0},"end":{"line":8,"column":24}}},"fnMap":{"0":{"name":"InfoTextGrid","decl":{"start":{"line":8,"column":24},"end":{"line":8,"column":36}},"loc":{"start":{"line":8,"column":68},"end":{"line":15,"column":1}}}},"branchMap":{},"s":{"0":2,"1":5,"2":2},"f":{"0":5},"b":{}}
,"/Users/guidari/Desktop/RocketSeat/React/coffee-delivery/src/pages/OrderInfo/index.tsx": {"path":"/Users/guidari/Desktop/RocketSeat/React/coffee-delivery/src/pages/OrderInfo/index.tsx","statementMap":{"0":{"start":{"line":1,"column":0},"end":{"line":1,"column":null}},"1":{"start":{"line":9,"column":0},"end":{"line":9,"column":72}},"2":{"start":{"line":10,"column":0},"end":{"line":10,"column":50}},"3":{"start":{"line":11,"column":0},"end":{"line":11,"column":66}},"4":{"start":{"line":12,"column":0},"end":{"line":12,"column":64}},"5":{"start":{"line":15,"column":18},"end":{"line":15,"column":65}},"6":{"start":{"line":16,"column":17},"end":{"line":16,"column":62}},"7":{"start":{"line":17,"column":21},"end":{"line":17,"column":70}},"8":{"start":{"line":18,"column":23},"end":{"line":18,"column":74}},"9":{"start":{"line":19,"column":15},"end":{"line":19,"column":58}},"10":{"start":{"line":20,"column":13},"end":{"line":20,"column":54}},"11":{"start":{"line":22,"column":2},"end":{"line":82,"column":4}},"12":{"start":{"line":14,"column":0},"end":{"line":14,"column":24}}},"fnMap":{"0":{"name":"OrderInfo","decl":{"start":{"line":14,"column":24},"end":{"line":14,"column":33}},"loc":{"start":{"line":14,"column":33},"end":{"line":83,"column":1}}}},"branchMap":{"0":{"loc":{"start":{"line":67,"column":17},"end":{"line":71,"column":30}},"type":"cond-expr","locations":[{"start":{"line":68,"column":20},"end":{"line":68,"column":39}},{"start":{"line":69,"column":20},"end":{"line":71,"column":30}}]},"1":{"loc":{"start":{"line":69,"column":20},"end":{"line":71,"column":30}},"type":"cond-expr","locations":[{"start":{"line":70,"column":20},"end":{"line":70,"column":38}},{"start":{"line":71,"column":20},"end":{"line":71,"column":30}}]}},"s":{"0":1,"1":1,"2":1,"3":1,"4":1,"5":1,"6":1,"7":1,"8":1,"9":1,"10":1,"11":1,"12":1},"f":{"0":1},"b":{"0":[0,1],"1":[0,1]}}
}
