TN:
SF:src/components/AlertMessage/index.tsx
FN:10,AlertMessage
FN:17,(anonymous_1)
FN:18,(anonymous_2)
FNF:3
FNH:2
FNDA:10,AlertMessage
FNDA:10,(anonymous_1)
FNDA:0,(anonymous_2)
DA:1,8
DA:2,8
DA:10,8
DA:15,10
DA:17,10
DA:18,10
DA:19,0
DA:23,10
LF:8
LH:7
BRDA:12,0,0,0
BRDA:13,1,0,0
BRDA:25,2,0,10
BRDA:25,2,1,10
BRDA:27,3,0,1
BRDA:27,3,1,9
BRF:6
BRH:4
end_of_record
TN:
SF:src/components/Button/index.tsx
FN:8,Button
FNF:1
FNH:1
FNDA:5,Button
DA:1,3
DA:8,3
DA:9,5
LF:3
LH:3
BRDA:11,0,0,5
BRDA:11,0,1,0
BRDA:12,1,0,5
BRDA:12,1,1,5
BRF:4
BRH:3
end_of_record
TN:
SF:src/components/CartButton/index.tsx
FN:12,CartButton
FNF:1
FNH:1
FNDA:5,CartButton
DA:1,3
DA:2,3
DA:3,3
DA:5,3
DA:12,3
DA:13,5
DA:15,5
LF:7
LH:7
BRDA:19,0,0,5
BRDA:19,0,1,0
BRF:2
BRH:1
end_of_record
TN:
SF:src/components/Header/index.tsx
FN:12,Header
FN:16,warning
FN:18,(anonymous_2)
FNF:3
FNH:1
FNDA:4,Header
FNDA:0,warning
FNDA:0,(anonymous_2)
DA:1,2
DA:2,2
DA:3,2
DA:4,2
DA:5,2
DA:6,2
DA:8,2
DA:9,2
DA:10,2
DA:12,2
DA:13,4
DA:14,4
DA:17,0
DA:18,0
DA:19,0
DA:23,4
LF:16
LH:13
BRDA:32,0,0,0
BRDA:32,0,1,4
BRDA:40,1,0,4
BRDA:40,1,1,0
BRF:4
BRH:2
end_of_record
TN:
SF:src/components/InputAdress/index.tsx
FN:15,InputAdress
FNF:1
FNH:1
FNDA:16,InputAdress
DA:1,3
DA:2,3
DA:3,3
DA:15,3
DA:23,16
DA:25,16
DA:27,16
LF:7
LH:7
BRDA:36,0,0,0
BRDA:36,0,1,16
BRF:2
BRH:1
end_of_record
TN:
SF:src/components/InputCount/index.tsx
FN:13,InputCount
FNF:1
FNH:1
FNDA:241,InputCount
DA:3,6
DA:6,6
DA:13,6
DA:18,241
LF:4
LH:4
BRF:0
BRH:0
end_of_record
TN:
SF:src/context/ShoppingCartContext.tsx
FN:34,ShoppingCartProvider
FN:37,addCoffeeToCart
FN:41,removeCoffee
FN:45,insertMoreCoffee
FNF:4
FNH:2
FNDA:106,ShoppingCartProvider
FNDA:0,addCoffeeToCart
FNDA:0,removeCoffee
FNDA:99,insertMoreCoffee
DA:1,8
DA:2,8
DA:7,8
DA:30,8
DA:34,8
DA:35,106
DA:38,0
DA:42,0
DA:46,99
DA:49,106
LF:10
LH:8
BRF:0
BRH:0
end_of_record
TN:
SF:src/layouts/DefaultLayout/index.tsx
FN:5,DefaultLayout
FNF:1
FNH:1
FNDA:1,DefaultLayout
DA:1,1
DA:2,1
DA:3,1
DA:5,1
DA:6,1
LF:5
LH:5
BRF:0
BRH:0
end_of_record
TN:
SF:src/pages/Cart/index.tsx
FN:27,Cart
FN:38,confirmOrder
FN:48,(anonymous_2)
FNF:3
FNH:1
FNDA:1,Cart
FNDA:0,confirmOrder
FNDA:0,(anonymous_2)
DA:1,1
DA:2,1
DA:3,1
DA:4,1
DA:5,1
DA:6,1
DA:7,1
DA:8,1
DA:9,1
DA:10,1
DA:11,1
DA:13,1
DA:27,1
DA:28,1
DA:30,1
DA:32,1
DA:34,1
DA:39,0
DA:40,0
DA:41,0
DA:42,0
DA:43,0
DA:44,0
DA:46,0
DA:47,0
DA:48,0
DA:49,0
DA:52,0
DA:54,0
DA:57,1
LF:30
LH:18
BRDA:46,0,0,0
BRDA:78,1,0,1
BRDA:78,1,1,0
BRF:3
BRH:1
end_of_record
TN:
SF:src/pages/Cart/components/AdressSectionBox/index.tsx
FN:14,AdressBox
FNF:1
FNH:1
FNDA:2,AdressBox
DA:2,2
DA:3,2
DA:12,2
DA:14,2
DA:15,2
LF:5
LH:5
BRF:0
BRH:0
end_of_record
TN:
SF:src/pages/Cart/components/CartPreviewBox/index.tsx
FN:18,CartPreview
FN:32,(anonymous_1)
FNF:2
FNH:1
FNDA:2,CartPreview
FNDA:0,(anonymous_1)
DA:1,2
DA:3,2
DA:7,2
DA:8,2
DA:9,2
DA:18,2
DA:19,2
DA:21,2
DA:22,2
DA:24,2
DA:25,0
DA:26,0
DA:29,2
DA:33,0
LF:14
LH:11
BRDA:31,0,0,2
BRDA:31,0,1,0
BRF:2
BRH:1
end_of_record
TN:
SF:src/pages/Cart/components/PaymentBox/index.tsx
FN:11,PaymentBox
FN:14,changeCard
FN:35,(anonymous_2)
FN:42,(anonymous_3)
FN:49,(anonymous_4)
FNF:5
FNH:5
FNDA:6,PaymentBox
FNDA:3,changeCard
FNDA:1,(anonymous_2)
FNDA:1,(anonymous_3)
FNDA:1,(anonymous_4)
DA:1,2
DA:2,2
DA:3,2
DA:4,2
DA:6,2
DA:7,2
DA:8,2
DA:9,2
DA:11,2
DA:12,6
DA:15,3
DA:16,3
DA:19,6
DA:35,1
DA:42,1
DA:49,1
LF:16
LH:16
BRF:0
BRH:0
end_of_record
TN:
SF:src/pages/Cart/components/PaymentType/index.tsx
FN:11,PaymentType
FN:20,(anonymous_1)
FNF:2
FNH:2
FNDA:32,PaymentType
FNDA:13,(anonymous_1)
DA:1,3
DA:2,3
DA:11,3
DA:18,32
DA:20,32
DA:21,13
DA:22,4
DA:23,9
DA:24,4
DA:26,5
DA:30,32
LF:11
LH:11
BRDA:21,0,0,4
BRDA:21,0,1,9
BRDA:23,1,0,4
BRDA:23,1,1,5
BRDA:32,2,0,10
BRDA:32,2,1,22
BRF:6
BRH:6
end_of_record
TN:
SF:src/pages/Cart/components/SelectedCoffee/index.tsx
FN:27,SelectedCoffee
FN:42,handleChangeProductUnity
FN:52,handleAddOneProductUnity
FN:58,(anonymous_3)
FN:69,handleRemoveOneProductUnity
FN:75,(anonymous_5)
FN:85,removeSelectedCoffee
FN:105,(anonymous_7)
FNF:8
FNH:3
FNDA:111,SelectedCoffee
FNDA:0,handleChangeProductUnity
FNDA:100,handleAddOneProductUnity
FNDA:0,(anonymous_3)
FNDA:101,handleRemoveOneProductUnity
FNDA:0,(anonymous_5)
FNDA:0,removeSelectedCoffee
FNDA:0,(anonymous_7)
DA:1,3
DA:2,3
DA:4,3
DA:5,3
DA:6,3
DA:7,3
DA:8,3
DA:27,3
DA:34,111
DA:35,111
DA:36,111
DA:38,111
DA:40,111
DA:43,0
DA:45,0
DA:46,0
DA:49,0
DA:53,100
DA:55,100
DA:56,1
DA:57,1
DA:58,1
DA:59,0
DA:61,1
DA:64,99
DA:65,99
DA:70,101
DA:72,101
DA:73,101
DA:74,101
DA:75,101
DA:76,0
DA:78,101
DA:81,0
DA:82,0
DA:86,0
DA:89,111
DA:105,0
LF:38
LH:28
BRDA:45,0,0,0
BRDA:45,1,0,0
BRDA:45,1,1,0
BRDA:55,2,0,1
BRDA:72,3,0,101
BRDA:121,4,0,111
BRDA:121,4,1,5
BRF:7
BRH:4
end_of_record
TN:
SF:src/pages/Home/index.tsx
FN:20,Home
FN:53,(anonymous_1)
FNF:2
FNH:2
FNDA:1,Home
FNDA:14,(anonymous_1)
DA:1,1
DA:2,1
DA:3,1
DA:4,1
DA:14,1
DA:15,1
DA:16,1
DA:17,1
DA:18,1
DA:20,1
DA:21,1
DA:54,14
LF:12
LH:12
BRF:0
BRH:0
end_of_record
TN:
SF:src/pages/Home/components/CoffeeCard/index.tsx
FN:45,CoffeeCard
FN:53,handleChangeProductUnity
FN:63,handleAddOneProductUnity
FN:70,(anonymous_3)
FN:80,handleRemoveOneProductUnity
FN:87,(anonymous_5)
FN:97,hanldeAddToShoppingCart
FN:108,(anonymous_7)
FN:114,(anonymous_8)
FN:125,(anonymous_9)
FN:137,(anonymous_10)
FN:152,(anonymous_11)
FNF:12
FNH:5
FNDA:128,CoffeeCard
FNDA:0,handleChangeProductUnity
FNDA:100,handleAddOneProductUnity
FNDA:0,(anonymous_3)
FNDA:199,handleRemoveOneProductUnity
FNDA:0,(anonymous_5)
FNDA:1,hanldeAddToShoppingCart
FNDA:0,(anonymous_7)
FNDA:0,(anonymous_8)
FNDA:0,(anonymous_9)
FNDA:138,(anonymous_10)
FNDA:0,(anonymous_11)
DA:1,2
DA:3,2
DA:4,2
DA:8,2
DA:22,2
DA:23,2
DA:24,2
DA:45,2
DA:46,128
DA:47,128
DA:48,128
DA:49,128
DA:51,128
DA:54,0
DA:56,0
DA:57,0
DA:60,0
DA:64,100
DA:66,100
DA:67,1
DA:68,1
DA:69,1
DA:70,1
DA:71,0
DA:73,1
DA:76,99
DA:81,199
DA:83,199
DA:84,199
DA:85,199
DA:86,199
DA:87,199
DA:88,0
DA:90,199
DA:92,0
DA:98,1
DA:108,1
DA:110,1
DA:111,1
DA:112,1
DA:113,1
DA:114,1
DA:115,0
DA:117,1
DA:120,0
DA:121,0
DA:122,0
DA:123,0
DA:124,0
DA:125,0
DA:126,0
DA:130,128
DA:138,138
DA:152,0
LF:54
LH:38
BRDA:56,0,0,0
BRDA:56,1,0,0
BRDA:56,1,1,0
BRDA:66,2,0,1
BRDA:83,3,0,199
BRDA:110,4,0,1
BRDA:163,5,0,128
BRDA:163,5,1,7
BRF:8
BRH:5
end_of_record
TN:
SF:src/pages/Home/components/InfoTextGrid/index.tsx
FN:8,InfoTextGrid
FNF:1
FNH:1
FNDA:5,InfoTextGrid
DA:1,2
DA:8,2
DA:9,5
LF:3
LH:3
BRF:0
BRH:0
end_of_record
TN:
SF:src/pages/OrderInfo/index.tsx
FN:14,OrderInfo
FNF:1
FNH:1
FNDA:1,OrderInfo
DA:1,1
DA:9,1
DA:10,1
DA:11,1
DA:12,1
DA:14,1
DA:15,1
DA:16,1
DA:17,1
DA:18,1
DA:19,1
DA:20,1
DA:22,1
LF:13
LH:13
BRDA:67,0,0,0
BRDA:67,0,1,1
BRDA:69,1,0,0
BRDA:69,1,1,1
BRF:4
BRH:2
end_of_record
