TN:
SF:src/Router.tsx
FN:8,Router
FNF:1
FNH:0
FNDA:0,Router
DA:1,0
DA:2,0
DA:3,0
DA:5,0
DA:6,0
DA:8,0
DA:9,0
LF:7
LH:0
BRF:0
BRH:0
end_of_record
TN:
SF:src/main.tsx
FNF:0
FNH:0
DA:1,0
DA:2,0
DA:3,0
DA:5,0
LF:4
LH:0
BRF:0
BRH:0
end_of_record
TN:
SF:src/components/AlertMessage/index.tsx
FN:10,AlertMessage
FN:17,(anonymous_1)
FN:18,(anonymous_2)
FNF:3
FNH:2
FNDA:1,AlertMessage
FNDA:1,(anonymous_1)
FNDA:0,(anonymous_2)
DA:1,2
DA:2,2
DA:10,2
DA:15,1
DA:17,1
DA:18,1
DA:19,0
DA:23,1
LF:8
LH:7
BRDA:12,0,0,0
BRDA:13,1,0,0
BRDA:25,2,0,1
BRDA:25,2,1,1
BRDA:27,3,0,1
BRDA:27,3,1,0
BRF:6
BRH:3
end_of_record
TN:
SF:src/components/Button/index.tsx
FN:8,Button
FNF:1
FNH:1
FNDA:2,Button
DA:1,2
DA:8,2
DA:9,2
LF:3
LH:3
BRDA:11,0,0,2
BRDA:11,0,1,0
BRDA:12,1,0,2
BRDA:12,1,1,2
BRF:4
BRH:3
end_of_record
TN:
SF:src/components/CartButton/index.tsx
FN:12,CartButton
FNF:1
FNH:1
FNDA:2,CartButton
DA:1,2
DA:2,2
DA:3,2
DA:5,2
DA:12,2
DA:13,2
DA:15,2
LF:7
LH:7
BRDA:18,0,0,2
BRDA:18,0,1,0
BRF:2
BRH:1
end_of_record
TN:
SF:src/components/Header/index.tsx
FN:12,Header
FN:16,warning
FN:18,(anonymous_2)
FNF:3
FNH:1
FNDA:1,Header
FNDA:0,warning
FNDA:0,(anonymous_2)
DA:1,1
DA:2,1
DA:3,1
DA:4,1
DA:5,1
DA:6,1
DA:8,1
DA:9,1
DA:10,1
DA:12,1
DA:13,1
DA:14,1
DA:17,0
DA:18,0
DA:19,0
DA:23,1
LF:16
LH:13
BRDA:32,0,0,0
BRDA:32,0,1,1
BRDA:40,1,0,1
BRDA:40,1,1,0
BRF:4
BRH:2
end_of_record
TN:
SF:src/components/InputAdress/index.tsx
FN:15,InputAdress
FNF:1
FNH:1
FNDA:1,InputAdress
DA:1,1
DA:2,1
DA:3,1
DA:15,1
DA:23,1
DA:25,1
DA:27,1
LF:7
LH:7
BRDA:33,0,0,0
BRDA:33,0,1,1
BRF:2
BRH:1
end_of_record
TN:
SF:src/components/InputCount/index.tsx
FN:13,InputCount
FNF:1
FNH:1
FNDA:1,InputCount
DA:3,1
DA:6,1
DA:13,1
DA:18,1
LF:4
LH:4
BRF:0
BRH:0
end_of_record
TN:
SF:src/context/ShoppingCartContext.tsx
FN:34,ShoppingCartProvider
FN:37,addCoffeeToCart
FN:41,removeCoffee
FN:45,insertMoreCoffee
FNF:4
FNH:0
FNDA:0,ShoppingCartProvider
FNDA:0,addCoffeeToCart
FNDA:0,removeCoffee
FNDA:0,insertMoreCoffee
DA:1,2
DA:2,2
DA:7,2
DA:30,2
DA:34,2
DA:35,0
DA:38,0
DA:42,0
DA:46,0
DA:49,0
LF:10
LH:5
BRF:0
BRH:0
end_of_record
TN:
SF:src/layouts/DefaultLayout/index.tsx
FN:5,DefaultLayout
FNF:1
FNH:0
FNDA:0,DefaultLayout
DA:1,0
DA:2,0
DA:3,0
DA:5,0
DA:6,0
LF:5
LH:0
BRF:0
BRH:0
end_of_record
TN:
SF:src/pages/Cart/index.tsx
FN:27,Cart
FN:40,confirmOrder
FN:50,(anonymous_2)
FNF:3
FNH:0
FNDA:0,Cart
FNDA:0,confirmOrder
FNDA:0,(anonymous_2)
DA:1,0
DA:2,0
DA:3,0
DA:4,0
DA:5,0
DA:6,0
DA:7,0
DA:8,0
DA:9,0
DA:10,0
DA:11,0
DA:13,0
DA:27,0
DA:28,0
DA:30,0
DA:32,0
DA:34,0
DA:38,0
DA:41,0
DA:42,0
DA:43,0
DA:44,0
DA:45,0
DA:46,0
DA:48,0
DA:49,0
DA:50,0
DA:51,0
DA:54,0
DA:56,0
DA:59,0
LF:31
LH:0
BRDA:48,0,0,0
BRDA:80,1,0,0
BRDA:80,1,1,0
BRF:3
BRH:0
end_of_record
TN:
SF:src/pages/Cart/components/AdressSectionBox/index.tsx
FN:14,AdressBox
FNF:1
FNH:0
FNDA:0,AdressBox
DA:2,0
DA:3,0
DA:12,0
DA:14,0
DA:15,0
DA:17,0
LF:6
LH:0
BRF:0
BRH:0
end_of_record
TN:
SF:src/pages/Cart/components/CartPreviewBox/index.tsx
FN:18,CartPreview
FN:32,(anonymous_1)
FNF:2
FNH:0
FNDA:0,CartPreview
FNDA:0,(anonymous_1)
DA:1,0
DA:3,0
DA:7,0
DA:8,0
DA:9,0
DA:18,0
DA:19,0
DA:21,0
DA:22,0
DA:24,0
DA:25,0
DA:26,0
DA:29,0
DA:33,0
LF:14
LH:0
BRDA:31,0,0,0
BRDA:31,0,1,0
BRF:2
BRH:0
end_of_record
TN:
SF:src/pages/Cart/components/PaymentBox/index.tsx
FN:11,PaymentBox
FN:14,changeCard
FN:35,(anonymous_2)
FN:41,(anonymous_3)
FN:47,(anonymous_4)
FNF:5
FNH:0
FNDA:0,PaymentBox
FNDA:0,changeCard
FNDA:0,(anonymous_2)
FNDA:0,(anonymous_3)
FNDA:0,(anonymous_4)
DA:1,0
DA:2,0
DA:3,0
DA:4,0
DA:6,0
DA:7,0
DA:8,0
DA:9,0
DA:11,0
DA:12,0
DA:15,0
DA:16,0
DA:19,0
DA:35,0
DA:41,0
DA:47,0
LF:16
LH:0
BRF:0
BRH:0
end_of_record
TN:
SF:src/pages/Cart/components/PaymentType/index.tsx
FN:11,PaymentType
FN:19,(anonymous_1)
FNF:2
FNH:0
FNDA:0,PaymentType
FNDA:0,(anonymous_1)
DA:1,0
DA:2,0
DA:11,0
DA:17,0
DA:19,0
DA:20,0
DA:21,0
DA:22,0
DA:23,0
DA:25,0
DA:29,0
LF:11
LH:0
BRDA:20,0,0,0
BRDA:20,0,1,0
BRDA:22,1,0,0
BRDA:22,1,1,0
BRDA:31,2,0,0
BRDA:31,2,1,0
BRF:6
BRH:0
end_of_record
TN:
SF:src/pages/Cart/components/SelectedCoffee/index.tsx
FN:27,SelectedCoffee
FN:42,handleChangeProductUnity
FN:52,handleAddOneProductUnity
FN:58,(anonymous_3)
FN:69,handleRemoveOneProductUnity
FN:75,(anonymous_5)
FN:85,removeSelectedCoffee
FN:105,(anonymous_7)
FNF:8
FNH:0
FNDA:0,SelectedCoffee
FNDA:0,handleChangeProductUnity
FNDA:0,handleAddOneProductUnity
FNDA:0,(anonymous_3)
FNDA:0,handleRemoveOneProductUnity
FNDA:0,(anonymous_5)
FNDA:0,removeSelectedCoffee
FNDA:0,(anonymous_7)
DA:1,0
DA:2,0
DA:4,0
DA:5,0
DA:6,0
DA:7,0
DA:8,0
DA:27,0
DA:34,0
DA:35,0
DA:36,0
DA:38,0
DA:40,0
DA:43,0
DA:45,0
DA:46,0
DA:49,0
DA:53,0
DA:55,0
DA:56,0
DA:57,0
DA:58,0
DA:59,0
DA:61,0
DA:64,0
DA:65,0
DA:70,0
DA:72,0
DA:73,0
DA:74,0
DA:75,0
DA:76,0
DA:78,0
DA:81,0
DA:82,0
DA:86,0
DA:89,0
DA:105,0
LF:38
LH:0
BRDA:45,0,0,0
BRDA:45,1,0,0
BRDA:45,1,1,0
BRDA:55,2,0,0
BRDA:72,3,0,0
BRDA:118,4,0,0
BRDA:118,4,1,0
BRF:7
BRH:0
end_of_record
TN:
SF:src/pages/Home/index.tsx
FN:20,Home
FN:50,(anonymous_1)
FNF:2
FNH:0
FNDA:0,Home
FNDA:0,(anonymous_1)
DA:1,0
DA:2,0
DA:3,0
DA:4,0
DA:14,0
DA:15,0
DA:16,0
DA:17,0
DA:18,0
DA:20,0
DA:21,0
DA:51,0
LF:12
LH:0
BRF:0
BRH:0
end_of_record
TN:
SF:src/pages/Home/components/CoffeeCard/index.tsx
FN:45,CoffeeCard
FN:53,handleChangeProductUnity
FN:63,handleAddOneProductUnity
FN:70,(anonymous_3)
FN:80,handleRemoveOneProductUnity
FN:87,(anonymous_5)
FN:97,hanldeAddToShoppingCart
FN:108,(anonymous_7)
FN:114,(anonymous_8)
FN:125,(anonymous_9)
FN:137,(anonymous_10)
FN:152,(anonymous_11)
FNF:12
FNH:0
FNDA:0,CoffeeCard
FNDA:0,handleChangeProductUnity
FNDA:0,handleAddOneProductUnity
FNDA:0,(anonymous_3)
FNDA:0,handleRemoveOneProductUnity
FNDA:0,(anonymous_5)
FNDA:0,hanldeAddToShoppingCart
FNDA:0,(anonymous_7)
FNDA:0,(anonymous_8)
FNDA:0,(anonymous_9)
FNDA:0,(anonymous_10)
FNDA:0,(anonymous_11)
DA:1,0
DA:3,0
DA:4,0
DA:8,0
DA:22,0
DA:23,0
DA:24,0
DA:45,0
DA:46,0
DA:47,0
DA:48,0
DA:49,0
DA:51,0
DA:54,0
DA:56,0
DA:57,0
DA:60,0
DA:64,0
DA:66,0
DA:67,0
DA:68,0
DA:69,0
DA:70,0
DA:71,0
DA:73,0
DA:76,0
DA:81,0
DA:83,0
DA:84,0
DA:85,0
DA:86,0
DA:87,0
DA:88,0
DA:90,0
DA:92,0
DA:98,0
DA:108,0
DA:110,0
DA:111,0
DA:112,0
DA:113,0
DA:114,0
DA:115,0
DA:117,0
DA:120,0
DA:121,0
DA:122,0
DA:123,0
DA:124,0
DA:125,0
DA:126,0
DA:130,0
DA:138,0
DA:152,0
LF:54
LH:0
BRDA:56,0,0,0
BRDA:56,1,0,0
BRDA:56,1,1,0
BRDA:66,2,0,0
BRDA:83,3,0,0
BRDA:110,4,0,0
BRDA:163,5,0,0
BRDA:163,5,1,0
BRF:8
BRH:0
end_of_record
TN:
SF:src/pages/Home/components/InfoTextGrid/index.tsx
FN:8,InfoTextGrid
FNF:1
FNH:0
FNDA:0,InfoTextGrid
DA:1,0
DA:8,0
DA:9,0
LF:3
LH:0
BRF:0
BRH:0
end_of_record
TN:
SF:src/pages/OrderInfo/index.tsx
FN:14,OrderInfo
FNF:1
FNH:0
FNDA:0,OrderInfo
DA:1,0
DA:9,0
DA:10,0
DA:11,0
DA:12,0
DA:14,0
DA:15,0
DA:16,0
DA:17,0
DA:18,0
DA:19,0
DA:20,0
DA:22,0
LF:13
LH:0
BRDA:67,0,0,0
BRDA:67,0,1,0
BRDA:69,1,0,0
BRDA:69,1,1,0
BRF:4
BRH:0
end_of_record
